<?xml version="1.0" encoding="UTF-8"?>
<testng-results ignored="0" total="1" passed="1" failed="0" skipped="0">
  <reporter-output>
  </reporter-output>
  <suite started-at="2025-11-15T12:43:38 IST" name="Default suite" finished-at="2025-11-15T12:44:20 IST" duration-ms="41910">
    <groups>
    </groups>
    <test started-at="2025-11-15T12:43:38 IST" name="Default test" finished-at="2025-11-15T12:44:20 IST" duration-ms="41910">
      <class name="LoginTest">
        <test-method is-config="true" signature="setup()[pri:0, instance:LoginTest@411f53a0]" started-at="2025-11-15T12:43:38 IST" name="setup" finished-at="2025-11-15T12:43:44 IST" duration-ms="5426" status="PASS">
          <reporter-output>
          </reporter-output>
        </test-method> <!-- setup -->
        <test-method signature="loginTest(java.lang.String,java.lang.String)[pri:0, instance:LoginTest@411f53a0]" started-at="2025-11-15T12:43:44 IST" name="loginTest" data-provider="loginData" finished-at="2025-11-15T12:44:15 IST" duration-ms="31847" status="PASS">
          <params>
            <param index="0">
              <value>
                <![CDATA[9519519519]]>
              </value>
            </param>
            <param index="1">
              <value>
                <![CDATA[12345678]]>
              </value>
            </param>
          </params>
          <reporter-output>
          </reporter-output>
        </test-method> <!-- loginTest -->
        <test-method is-config="true" signature="closebrow()[pri:0, instance:LoginTest@411f53a0]" started-at="2025-11-15T12:44:15 IST" name="closebrow" finished-at="2025-11-15T12:44:20 IST" duration-ms="4393" status="PASS">
          <reporter-output>
          </reporter-output>
        </test-method> <!-- closebrow -->
      </class> <!-- LoginTest -->
    </test> <!-- Default test -->
  </suite> <!-- Default suite -->
</testng-results>
